<?xml version="1.0" encoding="UTF-8"?>
<!-- Generated by org.testng.reporters.JUnitReportReporter -->
<testsuite hostname="LAPTOP-6HQP583J" failures="0" tests="1" name="com.hrms.testscripts.TC001" time="12.988" errors="0" timestamp="6 Jul 2024 06:20:23 GMT">
  <testcase classname="com.hrms.testscripts.TC001" name="tc001" time="12.988"/>
</testsuite> <!-- com.hrms.testscripts.TC001 -->
