<?xml version="1.0" encoding="UTF-8"?>
<!-- Generated by org.testng.reporters.JUnitReportReporter -->
<testsuite hostname="LAPTOP-6HQP583J" failures="0" tests="1" name="com.hrms.testscripts.TC002_POM" time="4.220" errors="0" timestamp="6 Jul 2024 06:36:43 GMT">
  <testcase classname="com.hrms.testscripts.TC002_POM" name="tc002" time="4.220"/>
</testsuite> <!-- com.hrms.testscripts.TC002_POM -->
