<?xml version="1.0" encoding="UTF-8"?>
<!-- Generated by org.testng.reporters.JUnitReportReporter -->
<testsuite hostname="LAPTOP-6HQP583J" failures="0" tests="1" name="com.hrms.testscripts.TC001_POM" time="5.723" errors="0" timestamp="6 Jul 2024 06:36:43 GMT">
  <testcase classname="com.hrms.testscripts.TC001_POM" name="tc001" time="5.723"/>
</testsuite> <!-- com.hrms.testscripts.TC001_POM -->
